info: [INFO] === OmniScope IR Analysis ===


info: [INFO] File: /Users/scc/code/ffi-demo/output/c_fft_c_bridge.bc



info: [INFO] Loaded: 20 functions



info: [INFO] LANG-DETECT: module language = c, confidence = 81.8%, method = sampling

info: [32m[INFO][0m ReturnCheck: Analyzed functions, found 0 unchecked return values

info: [32m[INFO][0m RustFfiFilter: analyzed 3 funcs, 0 findings (0 stack escapes)

info: [32m[INFO][0m CallGraph: extracted 42 cross-language edges

info: [32m[INFO][0m CallGraph: built semantics CallGraph with 20 nodes, 55 edges for BFS traversal

info: [32m[INFO][0m IntegerOverflow: Analyzed functions, found 0 potential overflows

info: [32m[INFO][0m FFITypeMismatch: analyzed 55 calls, found 51 FFI boundaries, 0 issues

info: [32m[INFO][0m [P1-1] DangerSurfacePass: 42 FFI, 16 allocs, 2 funcs | Phase1=0ms (args=238 rets=0 alias_traces=238) Phase2=2ms (cross_lang_free=0)

info: [32m[INFO][0m PointerFlow: 4 values tracked after propagation

info: [33m[WARN][0m [OMI-CRITICAL] Invalid free on non-heap source pointer in function: c_fft_forward [cross-FFI alias detected]

info: [33m[WARN][0m [OMI-CRITICAL] Invalid free on non-heap source pointer in function: c_fft_forward [cross-FFI alias detected]

info: [33m[WARN][0m [OMI-CRITICAL] Invalid free on non-heap source pointer in function: c_fft_test_signal [cross-FFI alias detected]

info: [33m[WARN][0m [OMI-CRITICAL] Invalid free on non-heap source pointer in function: c_fft_test_signal [cross-FFI alias detected]

info: [32m[INFO][0m [OMI-HIGH] FreeValidation: Found 4 invalid free calls

info: [32m[INFO][0m CallbackEscape: analyzed 2 funcs, 0 cgo boundaries, 0 issues found

info: [32m[INFO][0m FFIBoundary: consuming 42 cross-language edges from CallGraph

info: [32m[INFO][0m FFIBoundary: 2/3 funcs analyzed, 1 skipped (irrelevant), 8 issues generated

info: [32m[INFO][0m BufferOverflow: No buffer overflow issues detected

info: [32m[INFO][0m TIP: Rebuild with -g for file/line diagnostics

info: [32m[INFO][0m PointerOwnership: Source 1 (MemoryGraph) — 42 unfreed + 4 freed = 46 total nodes

info: [32m[INFO][0m PointerOwnership: Source 2 (GlobalAllocTracker) — 6 records, 4 freed

info: [32m[INFO][0m PointerOwnership: Source 3 (IR scan) added 8 frees — total now 8

info: [32m[INFO][0m PointerOwnership: Pre-populated from MemoryGraph + GlobalAllocTracker + IR-scan — 42 allocs, 8 frees

info: [33m[WARN][0m MEMORY LEAK [MEDIUM]: Memory allocated but never freed in c_fft_test_signal

info: [33m[WARN][0m USE-AFTER-FREE [MEDIUM]: Pointer 5 used after free in c_fft_test_signal

info: [33m[WARN][0m USE-AFTER-FREE [MEDIUM]: Pointer 8 used after free in c_fft_test_signal

info: [33m[WARN][0m USE-AFTER-FREE [MEDIUM]: Pointer 0 used after free in c_fft_forward

info: [33m[WARN][0m USE-AFTER-FREE [MEDIUM]: Pointer 3 used after free in c_fft_forward

info: [32m[INFO][0m PointerOwnership: Found 1 memory leaks (formalized as issues)

info: [32m[INFO][0m PointerOwnership: Found 4 use-after-free issues (formalized as issues)

info: [32m[INFO][0m PointerOwnership: Found 48 allocations, 12 frees, 6 tracked pointers

info: [32m[INFO][0m PointerOwnership: No cross-language ownership violations detected

info: [32m[INFO][0m   (Checks for Rust-alloc/C-free or C-alloc/Rust-free mismatches)

info: [32m[INFO][0m PointerOwnership: Memory pool stats - allocated: 48, reused: 0, in_use: 48

info: ═══════════════════════════════════════════════════════════════
info: Zone Classification Summary
info: ═══════════════════════════════════════════════════════════════
info:   Total functions analyzed:    60
info:   Safe zone (skipped):         0 (45.0%)
info:   Runtime internal (skipped):  27
info:   Unsafe zone (analyzed):      0
info:   FFI zone (analyzed):         27
info:   Unknown zone:                6
info: 
info:   Escape zone functions:       27 (45.0% of total)
info:   Issues found:              9
info:     Issue breakdown by category:
info:       Memory leak:              1
info:       Use after free:           2
info:       FFI unsafe call:          2
info:       Invalid free:             4
info: 
info:     90/10 Priority Classification:
info:       FFI Boundary (90% core):     2
info:       Local Only (10% auxiliary):  7
info:     Origin breakdown:
info:       ✅ User code:                  9 (ACTION NEEDED)
info:       📦 Third-party (FFI):          0
info:       📚 Stdlib (suppressed):       0
info:       🔧 Compiler (ignored):        0
info:     → 9 actionable issues (9 user, 0 FFI boundary)
info: 
info:     Graph coverage:
info:       Total nodes analyzed:     0
info:       Nodes on danger path:     0 (0.0%)
info:       FFI boundaries tracked:   0
info:       Issues in graph:          9
info:       Analysis depth:           shallow scan
info: ═══════════════════════════════════════════════════════════════
info: 
=== Performance Profile Report ===


info: Operation                           Calls   Total (ms)     Avg (us)     Max (us)

info: --------------------------------------------------------------------------------

info: init                                    1         8.40      8403.00      8403.00

info: detect                                  2         1.53       766.50       799.88

info: total                                   1         8.41      8407.75      8407.75

info: analysis                                1         5.83      5831.46      5831.46

info: [32m[INFO][0m PointerOwnership: 4 ops, 24.18ms total

info: [32m[INFO][0m FFIUnsafe: No FFI boundaries to analyze

info: [32m[INFO][0m FFIBodyCheck: No FFI boundaries to analyze

info: [32m[INFO][0m MallocCheck: Analyzed functions, found 0 unchecked allocations

info: [32m[INFO][0m GlobalAllocTracker: 2 memory leaks confirmed from 6 tracked allocations (0 cross-FFI)

info: [INFO] Analysis complete


info: [INFO] Functions processed: 20


info: [INFO] Facts generated: 22


info: [INFO] Time: 25ms


info: [INFO] Issues detected: 9


