info: [INFO] === OmniScope IR Analysis ===


info: [INFO] File: /Users/scc/code/ffi-demo/output/c_hash_c_bridge.bc



info: [INFO] Loaded: 12 functions



info: [INFO] LANG-DETECT: module language = c, confidence = 85.7%, method = sampling

info: [32m[INFO][0m ReturnCheck: Analyzed functions, found 0 unchecked return values

info: [32m[INFO][0m RustFfiFilter: analyzed 1 funcs, 0 findings (0 stack escapes)

info: [32m[INFO][0m CallGraph: extracted 6 cross-language edges

info: [32m[INFO][0m CallGraph: built semantics CallGraph with 12 nodes, 10 edges for BFS traversal

info: [32m[INFO][0m IntegerOverflow: Analyzed functions, found 0 potential overflows

info: [32m[INFO][0m FFITypeMismatch: analyzed 10 calls, found 9 FFI boundaries, 0 issues

info: [32m[INFO][0m [P1-1] DangerSurfacePass: 6 FFI, 3 allocs, 1 funcs | Phase1=0ms (args=8 rets=0 alias_traces=8) Phase2=0ms (cross_lang_free=0)

info: [32m[INFO][0m PointerFlow: 1 values tracked after propagation

info: [33m[WARN][0m [OMI-CRITICAL] Invalid free on non-heap source pointer in function: c_hash [cross-FFI alias detected]

info: [32m[INFO][0m [OMI-HIGH] FreeValidation: Found 1 invalid free calls

info: [32m[INFO][0m CallbackEscape: analyzed 1 funcs, 0 cgo boundaries, 0 issues found

info: [32m[INFO][0m FFIBoundary: consuming 6 cross-language edges from CallGraph

info: [32m[INFO][0m FFIBoundary: 1/1 funcs analyzed, 0 skipped (irrelevant), 6 issues generated

info: [32m[INFO][0m BufferOverflow: No buffer overflow issues detected

info: [32m[INFO][0m TIP: Rebuild with -g for file/line diagnostics

info: [32m[INFO][0m PointerOwnership: Source 1 (MemoryGraph) — 3 unfreed + 2 freed = 5 total nodes

info: [32m[INFO][0m PointerOwnership: Source 2 (GlobalAllocTracker) — 2 records, 1 freed

info: [32m[INFO][0m PointerOwnership: Source 3 (IR scan) added 3 frees — total now 3

info: [32m[INFO][0m PointerOwnership: Pre-populated from MemoryGraph + GlobalAllocTracker + IR-scan — 3 allocs, 3 frees

info: [33m[WARN][0m MEMORY LEAK [MEDIUM]: Memory allocated but never freed in c_hash

info: [33m[WARN][0m USE-AFTER-FREE [MEDIUM]: Pointer 0 used after free in c_hash

info: [32m[INFO][0m PointerOwnership: Found 1 memory leaks (formalized as issues)

info: [32m[INFO][0m PointerOwnership: Found 1 use-after-free issues (formalized as issues)

info: [32m[INFO][0m PointerOwnership: Found 5 allocations, 4 frees, 2 tracked pointers

info: [32m[INFO][0m PointerOwnership: No cross-language ownership violations detected

info: [32m[INFO][0m   (Checks for Rust-alloc/C-free or C-alloc/Rust-free mismatches)

info: [32m[INFO][0m PointerOwnership: Memory pool stats - allocated: 5, reused: 0, in_use: 5

info: ═══════════════════════════════════════════════════════════════
info: Zone Classification Summary
info: ═══════════════════════════════════════════════════════════════
info:   Total functions analyzed:    36
info:   Safe zone (skipped):         0 (41.7%)
info:   Runtime internal (skipped):  15
info:   Unsafe zone (analyzed):      0
info:   FFI zone (analyzed):         18
info:   Unknown zone:                3
info: 
info:   Escape zone functions:       18 (50.0% of total)
info:   Issues found:              4
info:     Issue breakdown by category:
info:       Memory leak:              1
info:       Use after free:           1
info:       FFI unsafe call:          1
info:       Invalid free:             1
info: 
info:     90/10 Priority Classification:
info:       FFI Boundary (90% core):     1
info:       Local Only (10% auxiliary):  3
info:     Origin breakdown:
info:       ✅ User code:                  4 (ACTION NEEDED)
info:       📦 Third-party (FFI):          0
info:       📚 Stdlib (suppressed):       0
info:       🔧 Compiler (ignored):        0
info:     → 4 actionable issues (4 user, 0 FFI boundary)
info: 
info:     Graph coverage:
info:       Total nodes analyzed:     0
info:       Nodes on danger path:     0 (0.0%)
info:       FFI boundaries tracked:   0
info:       Issues in graph:          4
info:       Analysis depth:           shallow scan
info: ═══════════════════════════════════════════════════════════════
info: 
=== Performance Profile Report ===


info: Operation                           Calls   Total (ms)     Avg (us)     Max (us)

info: --------------------------------------------------------------------------------

info: init                                    1         1.83      1833.75      1833.75

info: detect                                  2         0.48       238.10       259.92

info: total                                   1         1.84      1837.83      1837.83

info: analysis                                1         1.19      1193.67      1193.67

info: [32m[INFO][0m PointerOwnership: 4 ops, 5.34ms total

info: [32m[INFO][0m FFIUnsafe: No FFI boundaries to analyze

info: [32m[INFO][0m FFIBodyCheck: No FFI boundaries to analyze

info: [32m[INFO][0m MallocCheck: Analyzed functions, found 0 unchecked allocations

info: [32m[INFO][0m GlobalAllocTracker: 1 memory leaks confirmed from 2 tracked allocations (0 cross-FFI)

info: [INFO] Analysis complete


info: [INFO] Functions processed: 12


info: [INFO] Facts generated: 7


info: [INFO] Time: 6ms


info: [INFO] Issues detected: 4


