info: [INFO] === OmniScope IR Analysis ===


info: [INFO] File: /Users/scc/code/ffi-demo/output/cpp_hash.bc



info: [INFO] Loaded: 12 functions



info: [INFO] LANG-DETECT: module language = cpp, confidence = 100.0%, method = personality

info: [32m[INFO][0m ReturnCheck: Analyzed functions, found 0 unchecked return values

info: [32m[INFO][0m RustFfiFilter: analyzed 2 funcs, 0 findings (0 stack escapes)

info: [32m[INFO][0m CallGraph: extracted 26 cross-language edges

info: [32m[INFO][0m CallGraph: built semantics CallGraph with 12 nodes, 29 edges for BFS traversal

info: [32m[INFO][0m IntegerOverflow: Analyzed functions, found 0 potential overflows

info: [32m[INFO][0m FFITypeMismatch: analyzed 29 calls, found 26 FFI boundaries, 0 issues

info: [32m[INFO][0m [P1-1] DangerSurfacePass: 26 FFI, 7 allocs, 2 funcs | Phase1=0ms (args=108 rets=0 alias_traces=108) Phase2=1ms (cross_lang_free=0)

info: [32m[INFO][0m CallbackEscape: analyzed 2 funcs, 0 cgo boundaries, 0 issues found

info: [32m[INFO][0m FFIBoundary: consuming 26 cross-language edges from CallGraph

info: [32m[INFO][0m FFIBoundary: 2/2 funcs analyzed, 0 skipped (irrelevant), 4 issues generated

info: [32m[INFO][0m BufferOverflow: No buffer overflow issues detected

info: [32m[INFO][0m TIP: Rebuild with -g for file/line diagnostics

info: [32m[INFO][0m PointerOwnership: Source 1 (MemoryGraph) — 32 unfreed + 0 freed = 32 total nodes

info: [32m[INFO][0m PointerOwnership: Source 2 (GlobalAllocTracker) — 0 records, 0 freed

info: [32m[INFO][0m PointerOwnership: Source 3 (IR scan) added 0 frees — total now 0

info: [32m[INFO][0m PointerOwnership: Pre-populated from MemoryGraph + GlobalAllocTracker + IR-scan — 32 allocs, 0 frees

info: [33m[WARN][0m MEMORY LEAK [MEDIUM]: Memory allocated but never freed in _ZN8cpp_hashL13CompressBlockEPKhPj

info: [33m[WARN][0m MEMORY LEAK [MEDIUM]: Memory allocated but never freed in _ZN8cpp_hash4HashEPKhmPh

info: [32m[INFO][0m PointerOwnership: Found 2 memory leaks (formalized as issues)

info: [32m[INFO][0m PointerOwnership: Found 32 allocations, 0 frees, 0 tracked pointers

info: [32m[INFO][0m PointerOwnership: 3 cross-FFI ownership transfers detected

info: [32m[INFO][0m PointerOwnership: No cross-language ownership violations detected

info: [32m[INFO][0m   (Checks for Rust-alloc/C-free or C-alloc/Rust-free mismatches)

info: [32m[INFO][0m PointerOwnership: Memory pool stats - allocated: 32, reused: 0, in_use: 32

info: ═══════════════════════════════════════════════════════════════
info: Zone Classification Summary
info: ═══════════════════════════════════════════════════════════════
info:   Total functions analyzed:    36
info:   Safe zone (skipped):         0 (66.7%)
info:   Runtime internal (skipped):  24
info:   Unsafe zone (analyzed):      0
info:   FFI zone (analyzed):         6
info:   Unknown zone:                6
info: 
info:   Escape zone functions:       6 (16.7% of total)
info:   Issues found:              4
info:     Issue breakdown by category:
info:       Memory leak:              2
info:       FFI unsafe call:          1
info:       Borrow escape:            1
info: 
info:     90/10 Priority Classification:
info:       FFI Boundary (90% core):     2
info:       Local Only (10% auxiliary):  2
info:     Origin breakdown:
info:       ✅ User code:                  0 (ACTION NEEDED)
info:       📦 Third-party (FFI):          0
info:       📚 Stdlib (suppressed):       0
info:       🔧 Compiler (ignored):        4
info: 
info:     Graph coverage:
info:       Total nodes analyzed:     0
info:       Nodes on danger path:     0 (0.0%)
info:       FFI boundaries tracked:   0
info:       Issues in graph:          4
info:       Analysis depth:           shallow scan
info: ═══════════════════════════════════════════════════════════════
info: 
=== Performance Profile Report ===


info: Operation                           Calls   Total (ms)     Avg (us)     Max (us)

info: --------------------------------------------------------------------------------

info: init                                    1         6.46      6462.67      6462.67

info: detect                                  2         0.62       311.21       339.63

info: total                                   1         6.47      6467.42      6467.42

info: analysis                                1         4.42      4421.13      4421.13

info: [32m[INFO][0m PointerOwnership: 4 ops, 17.97ms total

info: [32m[INFO][0m FFIUnsafe: No FFI boundaries to analyze

info: [32m[INFO][0m FFIBodyCheck: No FFI boundaries to analyze

info: [32m[INFO][0m MallocCheck: Analyzed functions, found 0 unchecked allocations

info: [INFO] Analysis complete


info: [INFO] Functions processed: 12


info: [INFO] Facts generated: 6


info: [INFO] Time: 19ms


info: [INFO] Issues detected: 4


