[1m[34m═══════════════════════════════════════════════════════════════
  OmniScope — Cross-Language Memory Safety Analysis
═══════════════════════════════════════════════════════════════
[0m
[1mCoverage
[0m───────────────────────────────────────────────────────────────
  Functions:          8
[91m  Issues detected:    4[0m
  Actionable:         0

[1mFindings
[0m───────────────────────────────────────────────────────────────
[96m  Medium:   2[0m
[2m  Low:      2[0m

[96m[1m  [MEDIUM] OMI-001[0m
[2m    Type:       [0m[36mmalloc_unchecked
[0m[2m    Confidence: [0mMEDIUM (85%)
[2m    Function:   [0m[37mgo_hash_bridge
[0m[2m    Detail:     [0mmalloc() result used without null check (confidence: 85.00%)
[96m    ── Detection Summary ──
[0m[2m      Start: [0mAllocation function called without null check
[2m      End:   [0mPointer used in store instruction without prior null check
[2m      (+ 1 more steps, use --debug for full trace)
[0m
[96m[1m  [MEDIUM] OMI-002[0m
[2m    Type:       [0m[36mmalloc_unchecked
[0m[2m    Confidence: [0mMEDIUM (85%)
[2m    Function:   [0m[37mgo_fft_forward
[0m[2m    Detail:     [0mmalloc() result used without null check (confidence: 85.00%)
[96m    ── Detection Summary ──
[0m[2m      Start: [0mAllocation function called without null check
[2m      End:   [0mPointer used in store instruction without prior null check
[2m      (+ 1 more steps, use --debug for full trace)
[0m
[90m[1m  [LOW] OMI-003[0m
[2m    Type:       [0m[36mmemory_leak
[0m[2m    Confidence: [0mHEURISTIC (50%)
[2m    Function:   [0m[37mgo_hash_bridge
[0m[2m    Detail:     [0mPotential memory leak: heap allocation in go_hash_bridge() was never freed

[90m[1m  [LOW] OMI-004[0m
[2m    Type:       [0m[36mmemory_leak
[0m[2m    Confidence: [0mHEURISTIC (50%)
[2m    Function:   [0m[37mgo_fft_forward
[0m[2m    Detail:     [0mPotential memory leak: heap allocation in go_fft_forward() was never freed

[1mSummary
[0m───────────────────────────────────────────────────────────────
[96m  ○ 2 medium-severity issue(s) found. Review recommended.
[0m[2m  Analysis time: 9 ms
[0m  (use --verbose for pipeline metrics, --debug for full trace)
═══════════════════════════════════════════════════════════════
